Using pre-set license
Built from '2020.3/staging' branch; Version is '2020.3.11f1 (99c7afb366b3) revision 10078127'; Using compiler version '192528614'; Build Type 'Release'
OS: 'Windows 10 Pro; OS build 18363.418; Version 1909; 64bit' Language: 'ru' Physical Memory: 10204 MB
BatchMode: 1, IsHumanControllingUs: 0, StartBugReporterOnCrash: 0, Is64bit: 1, IsPro: 0

 COMMAND LINE ARGUMENTS:
C:\Program Files\Unity\Hub\Editor\2020.3.11f1\Editor\Unity.exe
-adb2
-batchMode
-noUpm
-name
AssetImportWorker0
-projectPath
C:/Users/Игорь/Projects/TDS_RPG_2D
-logFile
Logs/AssetImportWorker0.log
-srvPort
10574
Successfully changed project path to: C:/Users/Игорь/Projects/TDS_RPG_2D
C:/Users/Игорь/Projects/TDS_RPG_2D
Using Asset Import Pipeline V2.
Refreshing native plugins compatible for Editor in 62.71 ms, found 3 plugins.
Preloading 0 native plugins for Editor in 0.00 ms.
Initialize engine version: 2020.3.11f1 (99c7afb366b3)
[Subsystems] Discovering subsystems at path C:/Program Files/Unity/Hub/Editor/2020.3.11f1/Editor/Data/Resources/UnitySubsystems
[Subsystems] Discovering subsystems at path C:/Users/Игорь/Projects/TDS_RPG_2D/Assets
GfxDevice: creating device client; threaded=0
Direct3D:
    Version:  Direct3D 11.0 [level 11.1]
    Renderer: AMD Radeon R9 200 Series (ID=0x6810)
    Vendor:   
    VRAM:     2027 MB
    Driver:   27.20.14501.18003
Initialize mono
Mono path[0] = 'C:/Program Files/Unity/Hub/Editor/2020.3.11f1/Editor/Data/Managed'
Mono path[1] = 'C:/Program Files/Unity/Hub/Editor/2020.3.11f1/Editor/Data/MonoBleedingEdge/lib/mono/unityjit'
Mono config path = 'C:/Program Files/Unity/Hub/Editor/2020.3.11f1/Editor/Data/MonoBleedingEdge/etc'
Using monoOptions --debugger-agent=transport=dt_socket,embedding=1,server=y,suspend=n,address=127.0.0.1:56276
Begin MonoManager ReloadAssembly
Registering precompiled unity dll's ...
Register platform support module: C:/Program Files/Unity/Hub/Editor/2020.3.11f1/Editor/Data/PlaybackEngines/WindowsStandaloneSupport/UnityEditor.WindowsStandalone.Extensions.dll
Registered in 0.002471 seconds.
Native extension for WindowsStandalone target not found
Refreshing native plugins compatible for Editor in 62.31 ms, found 3 plugins.
Preloading 0 native plugins for Editor in 0.00 ms.
Mono: successfully reloaded assembly
- Completed reload, in  1.281 seconds
Platform modules already initialized, skipping
Registering precompiled user dll's ...
Registered in 0.005271 seconds.
Begin MonoManager ReloadAssembly
Native extension for WindowsStandalone target not found
Refreshing native plugins compatible for Editor in 58.86 ms, found 3 plugins.
Preloading 0 native plugins for Editor in 0.00 ms.
Mono: successfully reloaded assembly
- Completed reload, in  1.393 seconds
Platform modules already initialized, skipping
========================================================================
Worker process is ready to serve import requests
Launched and connected shader compiler UnityShaderCompiler.exe after 0.04 seconds
Refreshing native plugins compatible for Editor in 0.57 ms, found 3 plugins.
Preloading 0 native plugins for Editor in 0.00 ms.
Unloading 2223 Unused Serialized files (Serialized files now loaded: 0)
System memory in use before: 122.1 MB.
System memory in use after: 122.3 MB.

Unloading 27 unused Assets to reduce memory usage. Loaded Objects now: 2692.
Total: 2.491500 ms (FindLiveObjects: 0.221300 ms CreateObjectMapping: 0.111900 ms MarkObjects: 2.111800 ms  DeleteObjects: 0.045100 ms)

========================================================================
Received Import Request.
  path: Assets/Scripts/Player/ItemsFind.cs
  artifactKey: Guid(0ae429893f6ab1443970760bda4665ee) Importer(815301076,1909f56bfc062723c751e8b465ee728b)
Start importing Assets/Scripts/Player/ItemsFind.cs using Guid(0ae429893f6ab1443970760bda4665ee) Importer(815301076,1909f56bfc062723c751e8b465ee728b)  -> (artifact id: 'f1e3f3b9ed6b3eafb8edc658d24aef7e') in 0.034000 seconds
  Import took 0.038356 seconds .

========================================================================
Received Import Request.
  Time since last request: 0.000298 seconds.
  path: Assets/Scripts/Player/CameraMove.cs
  artifactKey: Guid(1b1284caf91ae3e4fa96bfd3f3cbe9ad) Importer(815301076,1909f56bfc062723c751e8b465ee728b)
Start importing Assets/Scripts/Player/CameraMove.cs using Guid(1b1284caf91ae3e4fa96bfd3f3cbe9ad) Importer(815301076,1909f56bfc062723c751e8b465ee728b)  -> (artifact id: '58be3274b05294626f0643c4aaf0d973') in 0.006990 seconds
  Import took 0.010551 seconds .

========================================================================
Received Import Request.
  Time since last request: 0.000229 seconds.
  path: Assets/Scripts/Player/PlayerHealthSistem.cs
  artifactKey: Guid(9d4455f1236cbc343a6d3f0d29110daf) Importer(815301076,1909f56bfc062723c751e8b465ee728b)
Start importing Assets/Scripts/Player/PlayerHealthSistem.cs using Guid(9d4455f1236cbc343a6d3f0d29110daf) Importer(815301076,1909f56bfc062723c751e8b465ee728b)  -> (artifact id: '71b5c3d05330d5a568adc246df1c6f03') in 0.007549 seconds
  Import took 0.011157 seconds .

========================================================================
Received Import Request.
  Time since last request: 0.000273 seconds.
  path: Assets/Scripts/Player/CharacterControls.cs
  artifactKey: Guid(3b815ca79695a684fb90b00405687747) Importer(815301076,1909f56bfc062723c751e8b465ee728b)
Start importing Assets/Scripts/Player/CharacterControls.cs using Guid(3b815ca79695a684fb90b00405687747) Importer(815301076,1909f56bfc062723c751e8b465ee728b)  -> (artifact id: '27095e8e0ae009a020844b84b44777ad') in 0.007774 seconds
  Import took 0.011763 seconds .

========================================================================
Received Import Request.
  Time since last request: 9.371530 seconds.
  path: Assets/Scripts/Player/Shoot.cs
  artifactKey: Guid(1fea314e5d7fd7348baea968ec10b273) Importer(815301076,1909f56bfc062723c751e8b465ee728b)
Start importing Assets/Scripts/Player/Shoot.cs using Guid(1fea314e5d7fd7348baea968ec10b273) Importer(815301076,1909f56bfc062723c751e8b465ee728b)  -> (artifact id: '42e757039ed87775e150d47dfa8c7adf') in 0.008698 seconds
  Import took 0.013742 seconds .

========================================================================
Received Import Request.
  Time since last request: 0.000781 seconds.
  path: Assets/Scripts/Player/Shoot.cs
  artifactKey: Guid(1fea314e5d7fd7348baea968ec10b273) Importer(815301076,1909f56bfc062723c751e8b465ee728b)
Start importing Assets/Scripts/Player/Shoot.cs using Guid(1fea314e5d7fd7348baea968ec10b273) Importer(815301076,1909f56bfc062723c751e8b465ee728b)  -> (artifact id: '42e757039ed87775e150d47dfa8c7adf') in 0.003570 seconds
  Import took 0.007675 seconds .

========================================================================
Received Prepare
Refreshing native plugins compatible for Editor in 5.05 ms, found 3 plugins.
Preloading 0 native plugins for Editor in 0.00 ms.
Unloading 16 Unused Serialized files (Serialized files now loaded: 0)
System memory in use before: 76.1 MB.
System memory in use after: 76.3 MB.

Unloading 14 unused Assets to reduce memory usage. Loaded Objects now: 2693.
Total: 2.570400 ms (FindLiveObjects: 0.221800 ms CreateObjectMapping: 0.120400 ms MarkObjects: 2.208500 ms  DeleteObjects: 0.018200 ms)

========================================================================
Received Import Request.
  Time since last request: 10.641438 seconds.
  path: Assets/Scripts/Player/Guns.cs
  artifactKey: Guid(e8fad2b845339fa4e859d37233b81620) Importer(815301076,1909f56bfc062723c751e8b465ee728b)
Start importing Assets/Scripts/Player/Guns.cs using Guid(e8fad2b845339fa4e859d37233b81620) Importer(815301076,1909f56bfc062723c751e8b465ee728b)  -> (artifact id: '7a60f3dadbc6d06025e63fe07e16d7ec') in 0.009456 seconds
  Import took 0.014925 seconds .

========================================================================
Received Prepare
Registering precompiled user dll's ...
Registered in 0.005095 seconds.
Begin MonoManager ReloadAssembly
Native extension for WindowsStandalone target not found
Refreshing native plugins compatible for Editor in 0.62 ms, found 3 plugins.
Preloading 0 native plugins for Editor in 0.00 ms.
Mono: successfully reloaded assembly
- Completed reload, in  1.304 seconds
Platform modules already initialized, skipping
Refreshing native plugins compatible for Editor in 0.60 ms, found 3 plugins.
Preloading 0 native plugins for Editor in 0.00 ms.
Unloading 2188 Unused Serialized files (Serialized files now loaded: 0)
System memory in use before: 119.2 MB.
System memory in use after: 119.3 MB.

Unloading 17 unused Assets to reduce memory usage. Loaded Objects now: 2696.
Total: 2.625500 ms (FindLiveObjects: 0.223300 ms CreateObjectMapping: 0.115500 ms MarkObjects: 2.259300 ms  DeleteObjects: 0.025400 ms)

========================================================================
Received Prepare
Registering precompiled user dll's ...
Registered in 0.005009 seconds.
Begin MonoManager ReloadAssembly
Native extension for WindowsStandalone target not found
Refreshing native plugins compatible for Editor in 0.63 ms, found 3 plugins.
Preloading 0 native plugins for Editor in 0.00 ms.
Mono: successfully reloaded assembly
- Completed reload, in  1.205 seconds
Platform modules already initialized, skipping
Refreshing native plugins compatible for Editor in 0.60 ms, found 3 plugins.
Preloading 0 native plugins for Editor in 0.00 ms.
Unloading 2188 Unused Serialized files (Serialized files now loaded: 0)
System memory in use before: 119.2 MB.
System memory in use after: 119.3 MB.

Unloading 17 unused Assets to reduce memory usage. Loaded Objects now: 2699.
Total: 2.255700 ms (FindLiveObjects: 0.189800 ms CreateObjectMapping: 0.086200 ms MarkObjects: 1.950800 ms  DeleteObjects: 0.027400 ms)

========================================================================
Received Import Request.
  Time since last request: 97.589941 seconds.
  path: Assets/Scripts/Player/Guns.cs
  artifactKey: Guid(e8fad2b845339fa4e859d37233b81620) Importer(815301076,1909f56bfc062723c751e8b465ee728b)
Start importing Assets/Scripts/Player/Guns.cs using Guid(e8fad2b845339fa4e859d37233b81620) Importer(815301076,1909f56bfc062723c751e8b465ee728b)  -> (artifact id: 'b19c1150fa693a84a3154d5dd4fa3538') in 0.006309 seconds
  Import took 0.010280 seconds .

